swg21996508-822-1055
swg21675316-494-763
-----
swg21179559-649-1322
-----
swg21903536-118-242
swg22008493-152-770
swg21636093-7878-9376
swg21263677-4596-4733
swg21696083-550-1136
swg21515420-678-1092
swg21966637-1280-1551
swg21648497-3152-3358
swg21618719-182-375
swg21983839-1317-1573
swg21998452-74-117
swg21469413-722-1113
swg27019359-8877-8915
swg21611073-387-775
swg22001418-533-974
swg24035040-2282-2505
-----
-----
-----
swg21592093-183-277
-----
swg24039229-12890-13098
swg21611699-1249-1315
swg22011689-344-1021
swg21964202-631-812
swg21406783-255-471
swg21318593-2245-2384
-----
swg21591076-192-907
swg24043575-3936-4068
-----
-----
swg21576245-208-791
swg21341204-1075-2876
swg21660890-3843-4277
swg21628092-204-515
swg22005055-136-935
swg21664629-2573-2842
swg21657023-177-507
swg21592093-183-277
swg21598974-365-583
swg21695194-1283-1341
swg21998655-312-1026
swg21696083-550-1136
swg22012345-2404-2609
swg21974566-199-379
-----
swg22004378-343-886
swg21502037-1294-1666
swg21660890-82-1608
swg21502037-2043-2201
swg21445430-173-409
-----
swg1PI37248-3623-3772
swg21377984-745-1211
swg22009818-443-572
-----
swg21657458-234-823
swg24039235-31-125
swg27045339-778-950
swg21636533-356-500
swg24043263-31-132
swg21451229-1820-2101
swg21406783-255-471
swg21632275-678-903
swg21982451-229-398
swg21962862-660-915
swg1PI34677-1005-1545
swg21598779-231-690
-----
swg24044440-299-513
swg22014367-300-978
-----
-----
-----
swg22010832-458-596
swg24042387-305-430
swg21902778-2475-2601
swg21634612-1093-1344
swg22012983-189-690
swg21366662-270-672
-----
swg21631478-7135-7242
-----
swg21965955-229-729
swg24044840-4237-4279
swg21648986-373-696
swg21268440-1374-1725
swg21993043-166-785
-----
-----
-----
swg21067352-1101-1641
swg21902654-567-1128
-----
swg24039742-1377-1456
swg22009818-689-754
-----
swg27050456-34-286
swg21639375-465-635
-----
swg21968399-261-678
swg21163875-568-809
swg21959745-195-1024
swg22011696-633-772
swg21308281-527-581
swg21983129-109-293
swg21624731-3265-4386
swg21981881-160-677
swg21985013-229-764
-----
swg21426787-3487-3798
swg21695094-17-188
swg27023910-11226-11791
-----
swg21512291-1513-1613
swg21514810-204-743
swg21647572-735-850
swg21639375-465-635
swg1PI37248-3623-3772
swg21162896-4113-4698
swg22003510-190-697
swg21292808-1011-1320
swg21680391-242-330
swg21982458-187-453
swg21246298-1723-2217
swg21994039-330-411
swg21661918-486-825
-----
swg21600618-1077-1367
swg21497604-359-579
swg24041994-1808-2153
swg21443723-529-631
-----
swg21975233-158-857
swg21971485-483-835
swg21244384-628-865
-----
-----
swg21995004-147-666
swg21618139-1178-1349
-----
-----
-----
-----
swg1PI34677-629-962
swg21612222-925-1171
swg21978641-699-850
-----
swg21507587-4024-4275
swg21987296-140-809
-----
-----
swg22002443-1127-1419
swg22002444-1394-1768
swg1PI19804-3677-3783
swg21249798-1121-1212
swg24041394-921-1183
swg22000563-26-105
-----
swg21994741-1661-1909
swg21192604-2573-2795
-----
swg21985017-165-919
-----
swg21391724-205-427
swg21700633-219-333
swg21998312-144-254
-----
swg21445801-1152-1467
-----
-----
-----
swg21977398-2328-2732
-----
-----
-----
swg21961542-221-405
swg22001607-107-311
swg21701478-2663-2762
-----
swg21507587-761-960
swg21163875-1416-1649
swg21976068-248-392
swg21967756-471-582
swg24034421-929-2734
-----
-----
swg22009938-285-588
swg21614208-510-544
swg27046676-315-398
-----
-----
swg22013088-402-1238
swg21397335-1251-1717
-----
swg21365841-2652-2937
swg21984463-94-847
swg21269136-1065-1142
swg21500151-330-494
swg22004607-1795-1996
swg21962588-288-1287
swg24041563-15247-15466
swg21568844-244-457
swg21438208-170-715
swg22007765-124-237
-----
swg21999724-967-1652
-----
swg21959709-165-639
swg22002975-262-488
swg22009842-136-900
swg21255545-8229-8821
-----
swg21529563-550-733
-----
swg22004617-553-780
swg21599258-4989-5088
swg21979667-1890-2043
swg21959745-1248-1392
swg21569953-3193-3485
swg21690163-188-625
swg21577138-2604-2690
swg21438047-1764-1893
-----
swg27038676-26-162
swg21675858-991-1826
swg21967265-185-675
swg22013054-363-991
swg21397335-1251-1392
swg21959714-1205-1649
swg21507587-1349-1729
swg21569731-2110-2235
-----
swg22008829-231-820
swg21635057-642-828
swg21282614-6615-6761
swg21399255-402-1014
swg21512416-316-726
swg21971058-281-792
-----
-----
swg1PI47826-2426-2644
swg27023600-22422-22718
-----
swg21664126-969-1027
-----
swg21598779-231-690
-----
swg21611073-5083-5761
swg21991414-759-843
swg24035571-39591-39669
-----
swg21509510-382-1037
swg21220832-614-960
swg21624136-869-933
swg21405302-152-279
swg21981877-467-522
swg24040390-7127-7374
-----
-----
swg21685435-339-538
swg24039150-1900-2164
-----
swg21964407-863-1791
swg27046675-252-362
-----
swg21662193-958-1400
-----
swg21649807-1103-1187
-----
swg21567091-710-1399
swg22008622-1818-2170
swg21959281-667-805
swg22005400-185-710
swg21197705-328-489
-----
-----
swg22005197-281-465
-----
swg21638268-2042-2214
swg21986219-743-773
swg27047895-4075-4209
swg21613001-4983-5244
-----
-----
swg22009436-210-937
-----
-----
swg27048530-3969-4327
swg21499307-278-706
swg21690163-188-625
swg21695676-423-549
swg21688543-1199-1329
swg21138332-609-1042
swg21606716-3203-3307
swg21692240-296-675
swg22013955-451-967
swg21480755-571-788
swg21972681-917-1105
swg21592093-183-277
swg21966637-1280-1454
swg21967589-1784-2155
-----
-----
swg21380213-322-581
-----
swg21962370-284-1283
-----
swg21687172-1717-2230
-----
swg21498634-727-1273
-----
swg21974546-1249-1680
swg1PM66670-4312-4824
swg21902438-313-713
swg22008382-227-1441
swg21978641-96-675
-----
swg21700865-258-1120
-----
-----
-----
swg21449103-48-337
-----
swg21674924-875-1408
swg21592093-183-277
swg21078845-281-905
swg21498780-308-540
swg21572905-670-1155
-----
swg21882989-1451-1953
swg21192546-1015-1174
swg21967312-507-677
swg21974757-1005-1142
swg21319595-1081-1651
swg21157005-8457-8561
-----
swg22010419-826-938
-----
swg21959083-29-242
swg21511831-1612-1673
swg21974106-1826-2431
swg21983739-1518-2183
swg21697120-489-1286
swg27044407-479-679
swg21163875-568-809
swg21425772-1473-1718
swg21320206-1207-1564
-----
swg21567862-321-701
-----
swg21406783-255-471
swg21681464-2088-2434
swg21974599-119-818
swg24042283-3659-4227
swg21674407-1727-1948
swg21964501-195-1024
swg27046040-169-421
-----
swg22009964-183-1497
swg21631606-314-698
swg21968549-519-1034
swg21318303-951-1185
swg21999724-293-964
-----
swg27041395-34-154
swg21985946-694-1192
swg21654520-488-640
swg21621937-299-712
swg21696640-166-968
swg22010680-169-896
-----
swg21974598-131-696
swg21984540-442-505
swg21981880-232-468
-----
swg24043574-754-1179
swg21672402-395-529
swg21978407-150-628
-----
swg21962370-772-1283
swg21660890-1173-1995
swg21417765-1269-1601
swg21507587-382-711
swg21598417-602-1170
swg21983638-370-684
-----
swg21674924-257-1408
swg21983739-403-651
swg27036410-23379-23491
swg21327685-212-451
swg21700534-273-391
swg21681464-2088-2434
swg24032010-83-248
swg22005415-216-753
swg21681142-15497-15667
swg21063645-194-392
swg21964025-199-851
-----
-----
swg22006126-776-1357
-----
-----
-----
-----
swg27042658-12218-12659
-----
swg21967312-507-677
swg21674407-17-119
swg21501900-1514-1624
swg21984301-154-453
swg21672402-555-627
-----
-----
-----
swg21592093-183-277
swg21689914-263-1054
swg21371279-747-1285
swg21991414-869-978
swg21150579-314-513
swg22012992-215-759
swg21163875-568-809
swg21585678-262-390
swg27020885-19011-19234
swg21985946-694-901
swg21961222-48-271
-----
swg21973794-221-510
-----
-----
-----
swg24042177-228-491
swg27040251-746-839
swg21982008-500-622
swg21983904-559-845
swg21508890-1296-1558
swg21959412-219-1048
swg21980147-140-846
swg21477587-294-489
swg21666402-314-832
swg21685435-339-538
-----
swg21649798-157-368
swg21983912-187-371
swg21662193-958-1238
swg21979016-148-316
swg21680391-362-1512
swg2C1000132-489-763
swg21591143-637-735
swg21381009-219-356
swg21626683-339-485
swg21509634-161-1543
swg21691034-4976-5315
-----
swg21592093-183-277
swg21657452-2806-3026
swg22003852-120-687
swg21227799-250-1791
-----
swg21459952-2291-2401
swg21244655-368-813
swg21442694-216-549
-----
swg22010993-739-1367
swg27042940-263-728
swg24042833-151-429
swg21499280-720-1058
swg21684365-1859-1919
-----
swg21981870-1040-1472
-----
swg21602521-252-569
swg21634612-1370-2425
-----
-----
-----
swg21698950-765-1292
swg21681142-2098-2260
-----
-----
-----
-----
swg21237078-1017-1076
swg21496354-1970-2569
swg21964202-837-923
-----
swg21972012-192-1711
swg22012342-149-758
swg21690673-222-410
swg21995397-5227-5720
swg21663373-517-646
swg21632844-2034-2538
-----
swg22009796-126-812
swg21631488-111-222
swg21655808-391-437
-----
swg21512729-2533-2623
swg21468340-354-617
swg21592093-183-277
-----
swg21690658-1217-1846
-----
-----
-----
swg21902172-926-1561
swg21651101-960-1780
swg21697458-258-848
swg21318463-7204-7303
swg21651225-1679-1817
swg21654520-488-640
swg22009818-689-754
swg21688949-261-1131
swg21697944-512-1331
swg21620875-395-925
swg21511831-1527-1673
swg21980148-163-201
swg21971127-129-383
swg21647026-1796-1867
swg21700308-293-1284
swg27038779-2088-3142
-----
swg21976589-229-422
-----
-----
-----
-----
swg21972012-705-1196
-----
swg21690184-542-583
-----
swg21967958-470-583
swg21653030-785-1042
-----
swg27049061-11853-12022
swg21593254-685-1109
-----
swg21681093-1914-1985
swg21688718-1010-1140
swg21579319-1400-1828
swg21424808-1379-1840
swg21968518-326-394
swg21982857-132-320
swg21985630-1127-1279
swg22004767-383-565
-----
swg21395327-743-1231
swg21903249-380-1633
swg21438047-2014-2129
swg21507587-2636-2943
swg21237078-903-1076
swg21209523-1170-1858
-----
swg21964873-305-840
swg21966881-48-304
swg21632223-3019-3698
swg27019359-8877-8915
-----
swg21577138-2457-2592
swg21312967-489-672
-----
swg21678261-172-410
swg21419230-682-962
swg21486143-630-1141
swg22002442-203-454
-----
swg21976896-1618-2183
swg21986534-410-509
swg22008470-278-836
swg21986534-251-509
swg27021012-780-1059
swg1PI54477-2232-2457
swg21612222-925-1421
swg21507587-3906-4009
swg21902248-384-510
swg21959444-1333-1914
swg24041224-425-516
swg21985630-827-864
swg22012345-2404-2609
swg21500300-537-1399
swg21960526-1850-2844
swg21688071-256-557
swg21648497-394-647
swg21114864-894-1342
swg21960133-632-1243
-----
swg21685666-266-515
swg21381009-2015-2245
-----
swg21260155-1533-2320
swg24043057-1761-1954
swg21674924-287-841
swg27023007-758-1111
swg21991690-1166-1203
