
swg1IV51846
swg1IT24269
swg21428536,nas8N1020262








swg21469413,swg21407889
swg21618719
swg21983839

swg21349837

swg21611073,swg21690310



swg21580000

swg21985888
swg21416125,swg21671740


swg21979343,swg21975093
swg21646455,swg21920404

swg21318593
swg1PK57939,swg1PK75252
swg21624618,swg21340025







swg22005055,swg22009842


swg22014484,swg21594747
swg21964458,swg1IO25314

swg21998655,swg1JR57149

swg22016276,swg22014172
swg21971363,swg21974566
swg21008183,swg22007296
swg22000391,swg22003510

swg27021664,swg21373312


swg1JR51286,swg1JR55701




swg21657458


swg21636533,swg21384096
swg21626317


swg21632275,swg21469388
swg21982451
swg21962862
swg1PI38040,swg1PI34677
swg21458245

swg24044440
swg21966723,swg21986593
swg1RS02562,swg1RS02626
swg21109779,swg21047521


swg21975560

swg22000178,swg21655819
swg22012983
swg21421403,swg21366662
swg21694681,swg21432559
swg21699605

swg22011804,swg21681915
swg21687624
swg21648986

swg21992977,swg21671330

swg27008725,swg21256700
swg21666135,swg21127574


swg21591800,swg21615250
swg21313006,swg21986527




swg27021012
swg21701566,swg21977183
swg21682364,swg21225468
swg21959328,swg21959388


swg21983129

swg21981881


swg21696379,swg21696074
swg21695094
swg21677833,swg21685680

swg1IC99305,swg21512291
swg1IV50786,swg1IV43870




swg22003510
swg1IC81605
swg21980418,swg21648934
swg21982458


swg21661918

swg1PK12168,swg1PM80348
swg21676361
swg22000832
swg21984696,swg21974848

swg21977460,swg2C1000102
swg21971485
swg21659259
swg21295634,swg21662595
swg21968944


swg21690814,swg21504345
swg1IC73375


swg1PI38040,swg1PI34677

swg21689406,swg21366668

swg21487892,swg21606447


swg21999232,swg22006790

swg21626044,swg21590456
nas8N1021246
swg1IV32387
swg21592112,swg24041394
swg22000583
swg21649933
swg1PI73197,swg24043474
swg21153401,swg21661988
swg21679171



swg22010946,swg21964499
swg21998312

swg21587102,swg21648259
swg21425487,swg21426014
swg27021012
swg21682784


swg24044322,swg24044732
swg1PK55319
swg21961542
swg22001607
swg1IV39788
swg1IT14350,swg1PI50384
swg21651225,swg1PI80575


swg21967756,swg21966304

swg21991060,swg22000421

swg22010059
swg21967845
swg1JR54845
swg21966723,swg21986593

swg21999445,swg21986144

swg21393482,swg21403050
swg21365841
swg21984463,swg21397932
swg1IT19589


swg21962588,swg21983647

swg21568844

swg22007765
swg21963978,swg21248865
swg21685043,swg22000474
swg21966723,swg21986593
swg21970662,swg21700299
swg21973027
swg22005055,swg22009842
swg24029904,swg24032102

swg21962624,swg21686939
swg21627010
swg21675272,swg21980450
swg21683906,swg21998510
swg21979667
swg21959328,swg21959388
swg21677833,swg21696074
swg21690163

swg21438047


swg21624345


swg21397335,swg1PK69769
swg21959714,swg21957927



swg21902837,nas8N1021018


swg21664199,swg1IY72519
swg21512416
swg21700238,swg21681915
swg21506737,swg21388384
swg22010946,swg21964499


swg21959328,swg21962540
swg21664126
swg22002063,swg22003868
swg21458245
swg21696919,swg1IV66840

swg21991414






swg1JR54269,swg21981877
swg21702811,ssg1S4001626
swg1PK87867,swg1PK38993
swg22005382,swg22010090
swg21685435
swg22007601,swg1IV06898

swg21633180

swg21634176
swg21636093,swg21420469

swg1JR47760,swg1JR47785
swg24033183,swg21660058
swg1IV17284,swg21567091
swg21686422

swg21976341,ibm10717929
swg21284395
swg21687624
swg21698835,swg22006790
swg21902388
swg21589513,swg21979431





swg21985888

swg21672308,swg21678244
swg21961159,swg21699897
swg1IV86033,swg21420750
swg21666104,swg21653261

swg21902248,swg21695676

swg21444088,swg21656691


swg22011804,swg21700238

swg21972681

swg21985888
swg21967589,swg21650796
swg21971095
swg21285004,swg21554002
swg1IT14350,swg1IT21013

swg21962370,swg21983644
swg21634176


swg21633306,swg21577098
swg1IC62628,swg1IC62453

swg21690702
swg21902438,swg21972181
swg22006126,swg22008382
swg21689406,swg21366668

swg21903626,swg21903182
swg21672632,swg21690482
swg21370392
ssg1S1009566,ssg1S1009960


swg21674924





swg21882989



swg21580000
swg21397886

swg22016276,swg22014172

swg22003857,swg22003005
swg1PM50525
swg22000009,swg21651069

swg21995550,swg22007351
swg1IT06111,swg27044407
swg21883735
swg21269631,swg1JR40810

swg21577853
swg21567862
swg21349837


swg21977747,swg21974599

swg22005415,swg21220069
swg21959969,swg21962385


swg21999445,swg21959518


swg21592610,swg21689595
swg21685043,swg22000474
swg21903620,swg21482122

swg21697280,swg21698820



swg24044676,swg24044700
swg22009804,swg21999672
swg21974598,swg21971500

swg27044173,swg21981880

swg24043574,swg22003897

swg21978407

swg21962370,swg21983644
swg2C1000012,swg21648497
swg21284395
swg21507587,swg21970391
swg1IZ81446,swg1IV40160


swg21674924



swg21700534


swg21999232,swg22005415
swg21681142
swg21456175,swg21063645
swg21962372,swg21980639
swg21637997

swg22006126,swg22008382
swg21961051,swg21674453

swg21670297,swg21670176

swg21973372,swg21632585
swg1JR52449

swg22005415
swg21611712,swg21644311
swg21984301



swg21196097

swg21687556,swg1IT05922

swg21991414

swg22012983,swg22015617
swg21569770,swg21444816
swg21405130,swg21516779

swg1IV90810,swg1IV83315


swg21415434,swg21973794
swg1IT13742,swg1IT02532
swg1PI10513,swg21321575
swg21612755

swg1PI76941,swg21324332

swg21983904
swg21508890
swg21959304,swg21959412
swg21962645,swg21980147
swg21482122,swg21477068
swg21666402,ibm10716669
swg21685435
swg21642947,swg21685675

swg21983912
swg21636093,swg21420469
swg21979016,swg21974382
swg1HE11384,swg21680391
nas8N1020620
swg1JR44643,swg21591143


swg21515550,swg21509634
swg21691034,swg21631337
ssg1S1009566,ssg1S1009960
swg21985888
swg21657452
swg22003852,ibm10717929

swg1IV70701,swg1IZ08143


swg21266356

swg21961051,swg21674453

swg1PI69518,swg24042833
swg21454526,swg21499280

swg21445757,swg21295681
swg21678775
swg21566480,swg21596162
swg21961159,swg21959334


swg22000583

swg22009834,swg21698950
swg21681142

swg22004714,swg22006126

swg22008902


swg21646455,swg21920404
swg22003509

swg21971143,swg21971603
swg21537495


swg1IV62036,swg21989035

swg22009796,swg22003816

swg21652246,swg21618719
swg1PI44996


swg21985888
swg22016875,swg22016094
swg21577219
swg1JR55793
swg21371519

swg21982608,swg21982697
swg1PM78947,swg22015295
swg22005382,swg21982646

swg21960179


swg21701490,swg21974466
swg21998667,swg21975121

swg1PM50525
swg21980148,swg27027529

swg1PK31639
swg21968701,swg21679900

swg21420469
swg21982249,swg21976589
swg1JR56833,swg22010601

swg21699842


swg21246298,swg22006291

swg21365673,swg21669654
swg21967958
swg24028588,swg21649938
swg1PK38022


swg21627321,swg24037802
swg1IC79663,swg21684382
swg21607496,swg21688718
swg21579319

swg21968518
swg21982790,swg21982857


swg21456175,swg21063645
swg21666654,swg21425960
swg21962370,swg21983644
swg21438047


swg1IC85712,swg21209523

swg21962372,swg21980639






swg24036592,swg24023498

swg21253578,swg21153401
swg21486143,swg21377133
swg21648676,swg22002442

swg21982566,swg22001630

swg22005382,swg22010090

swg27021012


swg21672109
swg21902248,swg21695676
swg22011795,swg1PI86519

swg21452449,swg21961771
swg22013277,swg22016094

swg21960526

swg2C1000012,swg21648497
swg21114864
swg21608733

swg21685666,swg21685764

swg1IC90426,swg1IZ25614
swg21260155,swg21576361
swg21681626
swg21674924
swg21701568
swg21991690
